<?xml version="1.0" encoding="UTF-8"?>
<!-- Generated by org.testng.reporters.JUnitReportReporter -->
<testsuite skipped="0" hostname="DESKTOP-9K27E3Q" name="com.evoketech.testscripts.LoginTest" tests="1" failures="0" timestamp="02 Oct 2020 04:36:28 GMT" time="0.251" errors="0">
  <testcase name="loginAsBankManager" time="0.251" classname="com.evoketech.testscripts.LoginTest"/>
</testsuite> <!-- com.evoketech.testscripts.LoginTest -->
