<?xml version="1.0" encoding="UTF-8"?>
<!-- Generated by org.testng.reporters.JUnitReportReporter -->
<testsuite skipped="0" hostname="DESKTOP-9K27E3Q" name="com.evoketech.testscripts.AddCustomer" tests="1" failures="0" timestamp="02 Oct 2020 04:36:28 GMT" time="6.822" errors="0">
  <testcase name="AddCustomertest" time="6.822" classname="com.evoketech.testscripts.AddCustomer"/>
</testsuite> <!-- com.evoketech.testscripts.AddCustomer -->
